[2023-04-02 16:46:55] at /sysop/user/user_0insert.jsp
{DB.execute} INSERT INTO TB_USER (login_id,email,password) VALUES (?,?,?) => Unknown column 'password' in 'field list'
{login_id=kaya, email=kaya@malgnsoft.com, password=03ac674216f3e15c761ee1a5e255f067953623c8b388b4459e13f978d7c846f4} (Unknown column 'password' in 'field list')
[2023-04-02 16:47:18] at /sysop/user/user_0insert.jsp
{DB.execute} INSERT INTO TB_USER (login_id,email,password) VALUES (?,?,?) => Unknown column 'password' in 'field list'
{login_id=kaya1, email=kaya@malgnsoft.com, password=03ac674216f3e15c761ee1a5e255f067953623c8b388b4459e13f978d7c846f4} (Unknown column 'password' in 'field list')
[2023-04-02 16:48:36] at /sysop/user/user_0insert.jsp
{DB.execute} INSERT INTO TB_USER (login_id,email,password) VALUES (?,?,?) => Unknown column 'password' in 'field list'
{login_id=kaya1, email=kaya@malgnsoft.com, password=03ac674216f3e15c761ee1a5e255f067953623c8b388b4459e13f978d7c846f4} (Unknown column 'password' in 'field list')
[2023-04-02 16:48:46] at /sysop/user/user_0insert.jsp
{DB.execute} INSERT INTO TB_USER (login_id,email,password) VALUES (?,?,?) => Unknown column 'password' in 'field list'
{login_id=kaya1, email=kaya@malgnsoft.com, password=03ac674216f3e15c761ee1a5e255f067953623c8b388b4459e13f978d7c846f4} (Unknown column 'password' in 'field list')
[2023-04-02 16:51:05] at /sysop/user/user_0insert.jsp
{DB.execute} INSERT INTO TB_USER (login_id,email,password) VALUES (?,?,?) => Unknown column 'password' in 'field list'
{login_id=kaya1, email=kaya@malgnsoft.com, password=03ac674216f3e15c761ee1a5e255f067953623c8b388b4459e13f978d7c846f4} (Unknown column 'password' in 'field list')
[2023-04-02 16:52:32] at /sysop/user/user_0insert.jsp
{DB.execute} INSERT INTO TB_USER (login_id,email,password) VALUES (?,?,?) => Unknown column 'password' in 'field list'
{login_id=kaya1, email=kaya@malgnsoft.com, password=03ac674216f3e15c761ee1a5e255f067953623c8b388b4459e13f978d7c846f4} (Unknown column 'password' in 'field list')
[2023-04-02 16:52:41] at /sysop/user/user_0insert.jsp
{DB.execute} INSERT INTO TB_USER (login_id,email,password) VALUES (?,?,?) => Unknown column 'password' in 'field list'
{login_id=kaya1, email=kaya@malgnsoft.com, password=03ac674216f3e15c761ee1a5e255f067953623c8b388b4459e13f978d7c846f4} (Unknown column 'password' in 'field list')
[2023-04-02 16:53:33] at /sysop/user/user_0insert.jsp
{DB.execute} INSERT INTO TB_USER (login_id,email,password) VALUES (?,?,?) => Unknown column 'password' in 'field list'
{login_id=kaya1, email=kaya@malgnsoft.com, password=03ac674216f3e15c761ee1a5e255f067953623c8b388b4459e13f978d7c846f4} (Unknown column 'password' in 'field list')
[2023-04-02 16:53:37] at /sysop/user/user_0insert.jsp
{DB.execute} INSERT INTO TB_USER (login_id,email,password) VALUES (?,?,?) => Unknown column 'password' in 'field list'
{login_id=kaya1, email=kaya@malgnsoft.com, password=03ac674216f3e15c761ee1a5e255f067953623c8b388b4459e13f978d7c846f4} (Unknown column 'password' in 'field list')
[2023-04-02 16:53:42] at /sysop/user/user_0insert.jsp
{DB.execute} INSERT INTO TB_USER (login_id,email,password) VALUES (?,?,?) => Unknown column 'password' in 'field list'
{login_id=kaya1, email=kaya@malgnsoft.com, password=03ac674216f3e15c761ee1a5e255f067953623c8b388b4459e13f978d7c846f4} (Unknown column 'password' in 'field list')
[2023-04-02 16:54:43] at /sysop/user/user_0insert.jsp
{DB.execute} INSERT INTO TB_USER (login_id,email,password) VALUES (?,?,?) => Unknown column 'password' in 'field list'
{login_id=kaya1, email=kaya@malgnsoft.com, password=03ac674216f3e15c761ee1a5e255f067953623c8b388b4459e13f978d7c846f4} (Unknown column 'password' in 'field list')
[2023-04-02 16:54:50] at /sysop/user/user_0insert.jsp
{DB.execute} INSERT INTO TB_USER (login_id,email,password) VALUES (?,?,?) => Unknown column 'password' in 'field list'
{login_id=kaya1, email=kaya@malgnsoft.com, password=03ac674216f3e15c761ee1a5e255f067953623c8b388b4459e13f978d7c846f4} (Unknown column 'password' in 'field list')
[2023-04-02 16:55:00] at /sysop/user/user_0insert.jsp
{DB.execute} INSERT INTO TB_USER (login_id,email,password) VALUES (?,?,?) => Unknown column 'password' in 'field list'
{login_id=kaya1, email=kaya@malgnsoft.com, password=03ac674216f3e15c761ee1a5e255f067953623c8b388b4459e13f978d7c846f4} (Unknown column 'password' in 'field list')
[2023-04-02 16:56:12] at /sysop/user/user_0insert.jsp
{DB.execute} INSERT INTO TB_USER (login_id,email,password) VALUES (?,?,?) => Unknown column 'password' in 'field list'
{login_id=kaya, email=, password=03ac674216f3e15c761ee1a5e255f067953623c8b388b4459e13f978d7c846f4} (Unknown column 'password' in 'field list')
[2023-04-02 17:02:06] at /sysop/user/user_0insert.jsp
{DB.execute} INSERT INTO TB_USER (login_id,email,password) VALUES (?,?,?) => Unknown column 'password' in 'field list'
{login_id=kaya, email=kaya@malgnsoft.com, password=03ac674216f3e15c761ee1a5e255f067953623c8b388b4459e13f978d7c846f4} (Unknown column 'password' in 'field list')
[2023-04-02 17:13:04] at /sysop/main/login.jsp
{DB.query} SELECT * FROM TB_USER WHERE login_id = ? AND password = ? AND status = 1 => Unknown column 'password' in 'where clause'
[Ljava.lang.Object;@341d84db (Unknown column 'password' in 'where clause')
[2023-04-02 17:14:01] at /sysop/main/login.jsp
{DB.query} SELECT * FROM TB_USER WHERE login_id = ? AND password = ? AND status = 1 => Unknown column 'password' in 'where clause'
[Ljava.lang.Object;@49b60ce7 (Unknown column 'password' in 'where clause')
[2023-04-02 17:15:17] at /sysop/main/login.jsp
{DB.query} SELECT * FROM TB_USER WHERE login_id = ? AND password = ? AND status = 1 => Unknown column 'password' in 'where clause'
[Ljava.lang.Object;@7c5ad8f6 (Unknown column 'password' in 'where clause')
[2023-04-02 17:17:27] at /sysop/main/login.jsp
{DB.query} SELECT * FROM TB_USER WHERE login_id = ? AND password = ? AND status = 1 => Unknown column 'password' in 'where clause'
[Ljava.lang.Object;@2cbdcd25 (Unknown column 'password' in 'where clause')
[2023-04-02 17:17:52] at /sysop/main/login.jsp
{DB.query} SELECT * FROM TB_USER WHERE login_id = ? AND password = ? AND status = 1 => Unknown column 'password' in 'where clause'
[Ljava.lang.Object;@515a2300 (Unknown column 'password' in 'where clause')
[2023-04-02 17:20:45] at /sysop/main/login.jsp
{DB.query} SELECT * FROM TB_USER WHERE login_id = 'kaya' AND password = '1234' => Unknown column 'password' in 'where clause' (Unknown column 'password' in 'where clause')
[2023-04-02 17:21:45] at /sysop/main/login.jsp
{DB.query} SELECT * FROM TB_USER WHERE login_id = 'kaya' AND password = '1234' => Unknown column 'password' in 'where clause' (Unknown column 'password' in 'where clause')
[2023-04-02 17:22:22] at /sysop/main/login.jsp
{DB.query} SELECT * FROM TB_USER WHERE login_id = 'kaya' AND password = '1234' => Unknown column 'password' in 'where clause' (Unknown column 'password' in 'where clause')
